# JRE version: OpenJDK Runtime Environment Microsoft-11369865 (17.0.15+6) (build 17.0.15+6-LTS)
# Java VM: OpenJDK 64-Bit Server VM Microsoft-11369865 (17.0.15+6-LTS, mixed mode, sharing, tiered, compressed oops, compressed class ptrs, g1 gc, windows-amd64)
GC Precious Log:
 CPUs: 4 total, 4 available
 Memory: 8073M
 Large Page Support: Disabled
 NUMA Support: Disabled
 Compressed Oops: Enabled (32-bit)
 Heap Region Size: 1M
 Heap Min Capacity: 8M
 Heap Initial Capacity: 128M
 Heap Max Capacity: 1G
 Pre-touch: Disabled
 Parallel Workers: 4
 Concurrent Workers: 1
 Concurrent Refinement Workers: 4
 Periodic GC: Disabled
Heap:
 garbage-first heap   total 176128K, used 105422K [0x00000000c0000000, 0x0000000100000000)
  region size 1024K, 12 young (12288K), 6 survivors (6144K)
 Metaspace       used 7457K, committed 7680K, reserved 1114112K
  class space    used 854K, committed 960K, reserved 1048576K
GC Heap History (20 events):
Event: 3.564 GC heap before
{Heap before GC invocations=2 (full 0):
 garbage-first heap   total 131072K, used 29305K [0x00000000c0000000, 0x0000000100000000)
  region size 1024K, 14 young (14336K), 1 survivors (1024K)
 Metaspace       used 5070K, committed 5248K, reserved 1114112K
  class space    used 552K, committed 640K, reserved 1048576K
}
Event: 3.574 GC heap after
{Heap after GC invocations=3 (full 0):
 garbage-first heap   total 131072K, used 19456K [0x00000000c0000000, 0x0000000100000000)
  region size 1024K, 2 young (2048K), 2 survivors (2048K)
 Metaspace       used 5070K, committed 5248K, reserved 1114112K
  class space    used 552K, committed 640K, reserved 1048576K
}
Event: 4.274 GC heap before
{Heap before GC invocations=3 (full 0):
 garbage-first heap   total 131072K, used 41984K [0x00000000c0000000, 0x0000000100000000)
  region size 1024K, 22 young (22528K), 2 survivors (2048K)
 Metaspace       used 5754K, committed 5888K, reserved 1114112K
  class space    used 646K, committed 704K, reserved 1048576K
}
Event: 4.283 GC heap after
{Heap after GC invocations=4 (full 0):
 garbage-first heap   total 131072K, used 25069K [0x00000000c0000000, 0x0000000100000000)
  region size 1024K, 3 young (3072K), 3 survivors (3072K)
 Metaspace       used 5754K, committed 5888K, reserved 1114112K
  class space    used 646K, committed 704K, reserved 1048576K
}
Event: 4.649 GC heap before
{Heap before GC invocations=4 (full 0):
 garbage-first heap   total 131072K, used 56813K [0x00000000c0000000, 0x0000000100000000)
  region size 1024K, 34 young (34816K), 3 survivors (3072K)
 Metaspace       used 5760K, committed 5888K, reserved 1114112K
  class space    used 646K, committed 704K, reserved 1048576K
}
Event: 4.659 GC heap after
{Heap after GC invocations=5 (full 0):
 garbage-first heap   total 131072K, used 33378K [0x00000000c0000000, 0x0000000100000000)
  region size 1024K, 5 young (5120K), 5 survivors (5120K)
 Metaspace       used 5760K, committed 5888K, reserved 1114112K
  class space    used 646K, committed 704K, reserved 1048576K
}
Event: 5.195 GC heap before
{Heap before GC invocations=5 (full 0):
 garbage-first heap   total 131072K, used 74338K [0x00000000c0000000, 0x0000000100000000)
  region size 1024K, 45 young (46080K), 5 survivors (5120K)
 Metaspace       used 5763K, committed 5888K, reserved 1114112K
  class space    used 646K, committed 704K, reserved 1048576K
}
Event: 5.210 GC heap after
{Heap after GC invocations=6 (full 0):
 garbage-first heap   total 131072K, used 44032K [0x00000000c0000000, 0x0000000100000000)
  region size 1024K, 6 young (6144K), 6 survivors (6144K)
 Metaspace       used 5763K, committed 5888K, reserved 1114112K
  class space    used 646K, committed 704K, reserved 1048576K
}
Event: 6.061 GC heap before
{Heap before GC invocations=6 (full 0):
 garbage-first heap   total 131072K, used 81920K [0x00000000c0000000, 0x0000000100000000)
  region size 1024K, 43 young (44032K), 6 survivors (6144K)
 Metaspace       used 5768K, committed 5888K, reserved 1114112K
  class space    used 646K, committed 704K, reserved 1048576K
}
Event: 6.069 GC heap after
{Heap after GC invocations=7 (full 0):
 garbage-first heap   total 131072K, used 54272K [0x00000000c0000000, 0x0000000100000000)
  region size 1024K, 6 young (6144K), 6 survivors (6144K)
 Metaspace       used 5768K, committed 5888K, reserved 1114112K
  class space    used 646K, committed 704K, reserved 1048576K
}
Event: 6.263 GC heap before
{Heap before GC invocations=7 (full 0):
 garbage-first heap   total 131072K, used 90112K [0x00000000c0000000, 0x0000000100000000)
  region size 1024K, 40 young (40960K), 6 survivors (6144K)
 Metaspace       used 5768K, committed 5888K, reserved 1114112K
  class space    used 646K, committed 704K, reserved 1048576K
}
Event: 6.273 GC heap after
{Heap after GC invocations=8 (full 0):
 garbage-first heap   total 131072K, used 64512K [0x00000000c0000000, 0x0000000100000000)
  region size 1024K, 5 young (5120K), 5 survivors (5120K)
 Metaspace       used 5768K, committed 5888K, reserved 1114112K
  class space    used 646K, committed 704K, reserved 1048576K
}
Event: 7.246 GC heap before
{Heap before GC invocations=8 (full 0):
 garbage-first heap   total 131072K, used 95232K [0x00000000c0000000, 0x0000000100000000)
  region size 1024K, 35 young (35840K), 5 survivors (5120K)
 Metaspace       used 7209K, committed 7360K, reserved 1114112K
  class space    used 831K, committed 896K, reserved 1048576K
}
Event: 7.258 GC heap after
{Heap after GC invocations=9 (full 0):
 garbage-first heap   total 131072K, used 72192K [0x00000000c0000000, 0x0000000100000000)
  region size 1024K, 5 young (5120K), 5 survivors (5120K)
 Metaspace       used 7209K, committed 7360K, reserved 1114112K
  class space    used 831K, committed 896K, reserved 1048576K
}
Event: 7.666 GC heap before
{Heap before GC invocations=10 (full 0):
 garbage-first heap   total 131072K, used 93696K [0x00000000c0000000, 0x0000000100000000)
  region size 1024K, 31 young (31744K), 5 survivors (5120K)
 Metaspace       used 7366K, committed 7616K, reserved 1114112K
  class space    used 847K, committed 960K, reserved 1048576K
}
Event: 7.693 GC heap after
{Heap after GC invocations=11 (full 0):
 garbage-first heap   total 131072K, used 75776K [0x00000000c0000000, 0x0000000100000000)
  region size 1024K, 4 young (4096K), 4 survivors (4096K)
 Metaspace       used 7366K, committed 7616K, reserved 1114112K
  class space    used 847K, committed 960K, reserved 1048576K
}
Event: 7.748 GC heap before
{Heap before GC invocations=11 (full 0):
 garbage-first heap   total 131072K, used 77824K [0x00000000c0000000, 0x0000000100000000)
  region size 1024K, 6 young (6144K), 4 survivors (4096K)
 Metaspace       used 7385K, committed 7616K, reserved 1114112K
  class space    used 847K, committed 960K, reserved 1048576K
}
Event: 7.761 GC heap after
{Heap after GC invocations=12 (full 0):
 garbage-first heap   total 176128K, used 76800K [0x00000000c0000000, 0x0000000100000000)
  region size 1024K, 1 young (1024K), 1 survivors (1024K)
 Metaspace       used 7385K, committed 7616K, reserved 1114112K
  class space    used 847K, committed 960K, reserved 1048576K
}
Event: 8.591 GC heap before
{Heap before GC invocations=12 (full 0):
 garbage-first heap   total 176128K, used 123904K [0x00000000c0000000, 0x0000000100000000)
  region size 1024K, 48 young (49152K), 1 survivors (1024K)
 Metaspace       used 7429K, committed 7616K, reserved 1114112K
  class space    used 850K, committed 960K, reserved 1048576K
}
Event: 8.610 GC heap after
{Heap after GC invocations=13 (full 0):
 garbage-first heap   total 176128K, used 89356K [0x00000000c0000000, 0x0000000100000000)
  region size 1024K, 6 young (6144K), 6 survivors (6144K)
 Metaspace       used 7429K, committed 7616K, reserved 1114112K
  class space    used 850K, committed 960K, reserved 1048576K
}

