# JRE version: OpenJDK Runtime Environment Microsoft-11369865 (17.0.15+6) (build 17.0.15+6-LTS)
# Java VM: OpenJDK 64-Bit Server VM Microsoft-11369865 (17.0.15+6-LTS, mixed mode, sharing, tiered, compressed oops, compressed class ptrs, g1 gc, windows-amd64)
GC Precious Log:
 CPUs: 4 total, 4 available
 Memory: 8073M
 Large Page Support: Disabled
 NUMA Support: Disabled
 Compressed Oops: Enabled (32-bit)
 Heap Region Size: 1M
 Heap Min Capacity: 8M
 Heap Initial Capacity: 128M
 Heap Max Capacity: 1G
 Pre-touch: Disabled
 Parallel Workers: 4
 Concurrent Workers: 1
 Concurrent Refinement Workers: 4
 Periodic GC: Disabled
Heap:
 garbage-first heap   total 176128K, used 113885K [0x00000000c0000000, 0x0000000100000000)
  region size 1024K, 5 young (5120K), 5 survivors (5120K)
 Metaspace       used 7472K, committed 7680K, reserved 1114112K
  class space    used 854K, committed 960K, reserved 1048576K
GC Heap History (20 events):
Event: 9.302 GC heap after
{Heap after GC invocations=8 (full 0):
 garbage-first heap   total 131072K, used 71168K [0x00000000c0000000, 0x0000000100000000)
  region size 1024K, 5 young (5120K), 5 survivors (5120K)
 Metaspace       used 5956K, committed 6144K, reserved 1114112K
  class space    used 668K, committed 768K, reserved 1048576K
}
Event: 10.369 GC heap before
{Heap before GC invocations=8 (full 0):
 garbage-first heap   total 131072K, used 97792K [0x00000000c0000000, 0x0000000100000000)
  region size 1024K, 31 young (31744K), 5 survivors (5120K)
 Metaspace       used 7279K, committed 7424K, reserved 1114112K
  class space    used 831K, committed 896K, reserved 1048576K
}
Event: 10.390 GC heap after
{Heap after GC invocations=9 (full 0):
 garbage-first heap   total 131072K, used 80384K [0x00000000c0000000, 0x0000000100000000)
  region size 1024K, 4 young (4096K), 4 survivors (4096K)
 Metaspace       used 7279K, committed 7424K, reserved 1114112K
  class space    used 831K, committed 896K, reserved 1048576K
}
Event: 10.756 GC heap before
{Heap before GC invocations=10 (full 0):
 garbage-first heap   total 132096K, used 88576K [0x00000000c0000000, 0x0000000100000000)
  region size 1024K, 18 young (18432K), 4 survivors (4096K)
 Metaspace       used 7407K, committed 7616K, reserved 1114112K
  class space    used 849K, committed 960K, reserved 1048576K
}
Event: 10.774 GC heap after
{Heap after GC invocations=11 (full 0):
 garbage-first heap   total 132096K, used 78848K [0x00000000c0000000, 0x0000000100000000)
  region size 1024K, 3 young (3072K), 3 survivors (3072K)
 Metaspace       used 7407K, committed 7616K, reserved 1114112K
  class space    used 849K, committed 960K, reserved 1048576K
}
Event: 10.802 GC heap before
{Heap before GC invocations=11 (full 0):
 garbage-first heap   total 132096K, used 81920K [0x00000000c0000000, 0x0000000100000000)
  region size 1024K, 6 young (6144K), 3 survivors (3072K)
 Metaspace       used 7410K, committed 7616K, reserved 1114112K
  class space    used 849K, committed 960K, reserved 1048576K
}
Event: 10.813 GC heap after
{Heap after GC invocations=12 (full 0):
 garbage-first heap   total 132096K, used 79749K [0x00000000c0000000, 0x0000000100000000)
  region size 1024K, 1 young (1024K), 1 survivors (1024K)
 Metaspace       used 7410K, committed 7616K, reserved 1114112K
  class space    used 849K, committed 960K, reserved 1048576K
}
Event: 11.131 GC heap before
{Heap before GC invocations=12 (full 0):
 garbage-first heap   total 132096K, used 101253K [0x00000000c0000000, 0x0000000100000000)
  region size 1024K, 22 young (22528K), 1 survivors (1024K)
 Metaspace       used 7432K, committed 7616K, reserved 1114112K
  class space    used 851K, committed 960K, reserved 1048576K
}
Event: 11.148 GC heap after
{Heap after GC invocations=13 (full 0):
 garbage-first heap   total 158720K, used 85756K [0x00000000c0000000, 0x0000000100000000)
  region size 1024K, 3 young (3072K), 3 survivors (3072K)
 Metaspace       used 7432K, committed 7616K, reserved 1114112K
  class space    used 851K, committed 960K, reserved 1048576K
}
Event: 11.454 GC heap before
{Heap before GC invocations=14 (full 0):
 garbage-first heap   total 158720K, used 97020K [0x00000000c0000000, 0x0000000100000000)
  region size 1024K, 14 young (14336K), 3 survivors (3072K)
 Metaspace       used 7435K, committed 7616K, reserved 1114112K
  class space    used 851K, committed 960K, reserved 1048576K
}
Event: 11.470 GC heap after
{Heap after GC invocations=15 (full 0):
 garbage-first heap   total 158720K, used 89581K [0x00000000c0000000, 0x0000000100000000)
  region size 1024K, 2 young (2048K), 2 survivors (2048K)
 Metaspace       used 7435K, committed 7616K, reserved 1114112K
  class space    used 851K, committed 960K, reserved 1048576K
}
Event: 11.508 GC heap before
{Heap before GC invocations=15 (full 0):
 garbage-first heap   total 158720K, used 93677K [0x00000000c0000000, 0x0000000100000000)
  region size 1024K, 7 young (7168K), 2 survivors (2048K)
 Metaspace       used 7439K, committed 7616K, reserved 1114112K
  class space    used 851K, committed 960K, reserved 1048576K
}
Event: 11.519 GC heap after
{Heap after GC invocations=16 (full 0):
 garbage-first heap   total 158720K, used 89583K [0x00000000c0000000, 0x0000000100000000)
  region size 1024K, 1 young (1024K), 1 survivors (1024K)
 Metaspace       used 7439K, committed 7616K, reserved 1114112K
  class space    used 851K, committed 960K, reserved 1048576K
}
Event: 12.180 GC heap before
{Heap before GC invocations=16 (full 0):
 garbage-first heap   total 158720K, used 119279K [0x00000000c0000000, 0x0000000100000000)
  region size 1024K, 31 young (31744K), 1 survivors (1024K)
 Metaspace       used 7444K, committed 7616K, reserved 1114112K
  class space    used 851K, committed 960K, reserved 1048576K
}
Event: 12.203 GC heap after
{Heap after GC invocations=17 (full 0):
 garbage-first heap   total 158720K, used 97481K [0x00000000c0000000, 0x0000000100000000)
  region size 1024K, 4 young (4096K), 4 survivors (4096K)
 Metaspace       used 7444K, committed 7616K, reserved 1114112K
  class space    used 851K, committed 960K, reserved 1048576K
}
Event: 12.505 GC heap before
{Heap before GC invocations=18 (full 0):
 garbage-first heap   total 176128K, used 108745K [0x00000000c0000000, 0x0000000100000000)
  region size 1024K, 15 young (15360K), 4 survivors (4096K)
 Metaspace       used 7464K, committed 7680K, reserved 1114112K
  class space    used 853K, committed 960K, reserved 1048576K
}
Event: 12.521 GC heap after
{Heap after GC invocations=19 (full 0):
 garbage-first heap   total 176128K, used 100765K [0x00000000c0000000, 0x0000000100000000)
  region size 1024K, 2 young (2048K), 2 survivors (2048K)
 Metaspace       used 7464K, committed 7680K, reserved 1114112K
  class space    used 853K, committed 960K, reserved 1048576K
}
Event: 12.790 GC heap before
{Heap before GC invocations=19 (full 0):
 garbage-first heap   total 176128K, used 106909K [0x00000000c0000000, 0x0000000100000000)
  region size 1024K, 8 young (8192K), 2 survivors (2048K)
 Metaspace       used 7471K, committed 7680K, reserved 1114112K
  class space    used 854K, committed 960K, reserved 1048576K
}
Event: 12.800 GC heap after
{Heap after GC invocations=20 (full 0):
 garbage-first heap   total 176128K, used 101592K [0x00000000c0000000, 0x0000000100000000)
  region size 1024K, 1 young (1024K), 1 survivors (1024K)
 Metaspace       used 7471K, committed 7680K, reserved 1114112K
  class space    used 854K, committed 960K, reserved 1048576K
}
Event: 13.889 GC heap before
{Heap before GC invocations=20 (full 0):
 garbage-first heap   total 176128K, used 138456K [0x00000000c0000000, 0x0000000100000000)
  region size 1024K, 34 young (34816K), 1 survivors (1024K)
 Metaspace       used 7472K, committed 7680K, reserved 1114112K
  class space    used 854K, committed 960K, reserved 1048576K
}

