# JRE version: OpenJDK Runtime Environment Microsoft-11369865 (17.0.15+6) (build 17.0.15+6-LTS)
# Java VM: OpenJDK 64-Bit Server VM Microsoft-11369865 (17.0.15+6-LTS, mixed mode, sharing, tiered, compressed oops, compressed class ptrs, g1 gc, windows-amd64)
GC Precious Log:
 CPUs: 4 total, 4 available
 Memory: 8073M
 Large Page Support: Disabled
 NUMA Support: Disabled
 Compressed Oops: Enabled (32-bit)
 Heap Region Size: 1M
 Heap Min Capacity: 8M
 Heap Initial Capacity: 128M
 Heap Max Capacity: 1G
 Pre-touch: Disabled
 Parallel Workers: 4
 Concurrent Workers: 1
 Concurrent Refinement Workers: 4
 Periodic GC: Disabled
Heap:
 garbage-first heap   total 191488K, used 109853K [0x00000000c0000000, 0x0000000100000000)
  region size 1024K, 2 young (2048K), 2 survivors (2048K)
 Metaspace       used 7528K, committed 7680K, reserved 1114112K
  class space    used 856K, committed 960K, reserved 1048576K
GC Heap History (20 events):
Event: 3.710 GC heap after
{Heap after GC invocations=5 (full 0):
 garbage-first heap   total 131072K, used 40330K [0x00000000c0000000, 0x0000000100000000)
  region size 1024K, 8 young (8192K), 8 survivors (8192K)
 Metaspace       used 5769K, committed 5888K, reserved 1114112K
  class space    used 646K, committed 704K, reserved 1048576K
}
Event: 4.181 GC heap before
{Heap before GC invocations=5 (full 0):
 garbage-first heap   total 131072K, used 77194K [0x00000000c0000000, 0x0000000100000000)
  region size 1024K, 44 young (45056K), 8 survivors (8192K)
 Metaspace       used 5775K, committed 5888K, reserved 1114112K
  class space    used 646K, committed 704K, reserved 1048576K
}
Event: 4.193 GC heap after
{Heap after GC invocations=6 (full 0):
 garbage-first heap   total 131072K, used 50688K [0x00000000c0000000, 0x0000000100000000)
  region size 1024K, 6 young (6144K), 6 survivors (6144K)
 Metaspace       used 5775K, committed 5888K, reserved 1114112K
  class space    used 646K, committed 704K, reserved 1048576K
}
Event: 4.386 GC heap before
{Heap before GC invocations=6 (full 0):
 garbage-first heap   total 131072K, used 87552K [0x00000000c0000000, 0x0000000100000000)
  region size 1024K, 41 young (41984K), 6 survivors (6144K)
 Metaspace       used 5775K, committed 5888K, reserved 1114112K
  class space    used 646K, committed 704K, reserved 1048576K
}
Event: 4.394 GC heap after
{Heap after GC invocations=7 (full 0):
 garbage-first heap   total 131072K, used 61440K [0x00000000c0000000, 0x0000000100000000)
  region size 1024K, 6 young (6144K), 6 survivors (6144K)
 Metaspace       used 5775K, committed 5888K, reserved 1114112K
  class space    used 646K, committed 704K, reserved 1048576K
}
Event: 4.775 GC heap before
{Heap before GC invocations=7 (full 0):
 garbage-first heap   total 131072K, used 93184K [0x00000000c0000000, 0x0000000100000000)
  region size 1024K, 37 young (37888K), 6 survivors (6144K)
 Metaspace       used 6142K, committed 6272K, reserved 1114112K
  class space    used 694K, committed 768K, reserved 1048576K
}
Event: 4.783 GC heap after
{Heap after GC invocations=8 (full 0):
 garbage-first heap   total 157696K, used 70144K [0x00000000c0000000, 0x0000000100000000)
  region size 1024K, 5 young (5120K), 5 survivors (5120K)
 Metaspace       used 6142K, committed 6272K, reserved 1114112K
  class space    used 694K, committed 768K, reserved 1048576K
}
Event: 5.601 GC heap before
{Heap before GC invocations=8 (full 0):
 garbage-first heap   total 157696K, used 109056K [0x00000000c0000000, 0x0000000100000000)
  region size 1024K, 44 young (45056K), 5 survivors (5120K)
 Metaspace       used 7505K, committed 7680K, reserved 1114112K
  class space    used 852K, committed 960K, reserved 1048576K
}
Event: 5.627 GC heap after
{Heap after GC invocations=9 (full 0):
 garbage-first heap   total 157696K, used 82432K [0x00000000c0000000, 0x0000000100000000)
  region size 1024K, 6 young (6144K), 6 survivors (6144K)
 Metaspace       used 7505K, committed 7680K, reserved 1114112K
  class space    used 852K, committed 960K, reserved 1048576K
}
Event: 5.876 GC heap before
{Heap before GC invocations=9 (full 0):
 garbage-first heap   total 157696K, used 116224K [0x00000000c0000000, 0x0000000100000000)
  region size 1024K, 39 young (39936K), 6 survivors (6144K)
 Metaspace       used 7534K, committed 7680K, reserved 1114112K
  class space    used 855K, committed 960K, reserved 1048576K
}
Event: 5.910 GC heap after
{Heap after GC invocations=10 (full 0):
 garbage-first heap   total 157696K, used 91648K [0x00000000c0000000, 0x0000000100000000)
  region size 1024K, 5 young (5120K), 5 survivors (5120K)
 Metaspace       used 7534K, committed 7680K, reserved 1114112K
  class space    used 855K, committed 960K, reserved 1048576K
}
Event: 6.229 GC heap before
{Heap before GC invocations=11 (full 0):
 garbage-first heap   total 157696K, used 117248K [0x00000000c0000000, 0x0000000100000000)
  region size 1024K, 33 young (33792K), 5 survivors (5120K)
 Metaspace       used 7533K, committed 7680K, reserved 1114112K
  class space    used 854K, committed 960K, reserved 1048576K
}
Event: 6.257 GC heap after
{Heap after GC invocations=12 (full 0):
 garbage-first heap   total 157696K, used 96768K [0x00000000c0000000, 0x0000000100000000)
  region size 1024K, 5 young (5120K), 5 survivors (5120K)
 Metaspace       used 7533K, committed 7680K, reserved 1114112K
  class space    used 854K, committed 960K, reserved 1048576K
}
Event: 6.274 GC heap before
{Heap before GC invocations=12 (full 0):
 garbage-first heap   total 157696K, used 98816K [0x00000000c0000000, 0x0000000100000000)
  region size 1024K, 7 young (7168K), 5 survivors (5120K)
 Metaspace       used 7533K, committed 7680K, reserved 1114112K
  class space    used 854K, committed 960K, reserved 1048576K
}
Event: 6.289 GC heap after
{Heap after GC invocations=13 (full 0):
 garbage-first heap   total 157696K, used 96727K [0x00000000c0000000, 0x0000000100000000)
  region size 1024K, 1 young (1024K), 1 survivors (1024K)
 Metaspace       used 7533K, committed 7680K, reserved 1114112K
  class space    used 854K, committed 960K, reserved 1048576K
}
Event: 6.477 GC heap before
{Heap before GC invocations=13 (full 0):
 garbage-first heap   total 157696K, used 122327K [0x00000000c0000000, 0x0000000100000000)
  region size 1024K, 26 young (26624K), 1 survivors (1024K)
 Metaspace       used 7537K, committed 7680K, reserved 1114112K
  class space    used 858K, committed 960K, reserved 1048576K
}
Event: 6.496 GC heap after
{Heap after GC invocations=14 (full 0):
 garbage-first heap   total 157696K, used 103186K [0x00000000c0000000, 0x0000000100000000)
  region size 1024K, 4 young (4096K), 4 survivors (4096K)
 Metaspace       used 7537K, committed 7680K, reserved 1114112K
  class space    used 858K, committed 960K, reserved 1048576K
}
Event: 6.858 GC heap before
{Heap before GC invocations=15 (full 0):
 garbage-first heap   total 191488K, used 125714K [0x00000000c0000000, 0x0000000100000000)
  region size 1024K, 26 young (26624K), 4 survivors (4096K)
 Metaspace       used 7528K, committed 7680K, reserved 1114112K
  class space    used 856K, committed 960K, reserved 1048576K
}
Event: 6.880 GC heap after
{Heap after GC invocations=16 (full 0):
 garbage-first heap   total 191488K, used 108715K [0x00000000c0000000, 0x0000000100000000)
  region size 1024K, 4 young (4096K), 4 survivors (4096K)
 Metaspace       used 7528K, committed 7680K, reserved 1114112K
  class space    used 856K, committed 960K, reserved 1048576K
}
Event: 6.925 GC heap before
{Heap before GC invocations=16 (full 0):
 garbage-first heap   total 191488K, used 114859K [0x00000000c0000000, 0x0000000100000000)
  region size 1024K, 9 young (9216K), 4 survivors (4096K)
 Metaspace       used 7528K, committed 7680K, reserved 1114112K
  class space    used 856K, committed 960K, reserved 1048576K
}

